22/11/2019 09:21:02||SELECT * FROM activities_join INNER JOIN students ON activities_join.student_id=students.student_id WHERE activities_id = '' ORDER BY student_id DESC
22/11/2019 09:21:02||SELECT * FROM activities_join INNER JOIN students ON activities_join.student_id=students.student_id WHERE activities_id = '63112' ORDER BY student_id DESC
22/11/2019 09:21:16||SELECT * FROM activities_join INNER JOIN students ON activities_join.student_id=students.student_id WHERE activities_id = '' ORDER BY student_id DESC
22/11/2019 09:21:16||SELECT * FROM activities_join INNER JOIN students ON activities_join.student_id=students.student_id WHERE activities_id = '63112' ORDER BY student_id DESC
22/11/2019 09:21:44||SELECT * FROM activities_join INNER JOIN students ON activities_join.student_id=students.student_id WHERE activities_id = '' ORDER BY student_id DESC
22/11/2019 09:21:44||SELECT * FROM activities_join INNER JOIN students ON activities_join.student_id=students.student_id WHERE activities_id = '63112' ORDER BY student_id DESC
22/11/2019 09:28:36||SELECT * FROM activities_join INNER JOIN students ON activities_join.student_id=students.student_id WHERE activities_id = '' 
22/11/2019 09:28:36||SELECT * FROM activities_join INNER JOIN students ON activities_join.student_id=students.student_id WHERE activities_id = '63112' 
22/11/2019 09:30:04||SELECT * FROM activities_join INNER JOIN students ON activities_join.student_id=students.student_id WHERE activities_id = '' 
22/11/2019 09:30:04||SELECT * FROM activities_join INNER JOIN students ON activities_join.student_id=students.student_id WHERE activities_id = '63112' 
22/11/2019 09:32:15||SELECT * FROM activities_join INNER JOIN students ON activities_join.student_id=students.student_id WHERE activities_id = '' 
22/11/2019 09:32:15||SELECT * FROM activities_join INNER JOIN students ON activities_join.student_id=students.student_id WHERE activities_id = '63112' 
22/11/2019 09:33:48||SELECT * FROM activities_join INNER JOIN students ON activities_join.student_id=students.student_id WHERE activities_id = '' 
22/11/2019 09:33:48||SELECT * FROM activities_join INNER JOIN students ON activities_join.student_id=students.student_id WHERE activities_id = '63112' 
22/11/2019 09:33:57||SELECT * FROM activities_join INNER JOIN students ON activities_join.student_id=students.student_id WHERE activities_id = '' 
22/11/2019 09:33:57||SELECT * FROM activities_join INNER JOIN students ON activities_join.student_id=students.student_id WHERE activities_id = '63112' 
22/11/2019 09:34:05||SELECT * FROM activities_join INNER JOIN students ON activities_join.student_id=students.student_id WHERE activities_id = '' 
22/11/2019 09:34:05||SELECT * FROM activities_join INNER JOIN students ON activities_join.student_id=students.student_id WHERE activities_id = '63112' 
22/11/2019 09:34:18||SELECT * FROM activities_join INNER JOIN students ON activities_join.student_id=students.student_id WHERE activities_id = '' 
22/11/2019 09:34:18||SELECT * FROM activities_join INNER JOIN students ON activities_join.student_id=students.student_id WHERE activities_id = '63112' 
22/11/2019 09:34:51||SELECT * FROM activities_join INNER JOIN students ON activities_join.student_id=students.student_id WHERE activities_id = '' 
22/11/2019 09:34:51||SELECT * FROM activities_join INNER JOIN students ON activities_join.student_id=students.student_id WHERE activities_id = '63112' 
22/11/2019 09:35:07||SELECT * FROM activities_join INNER JOIN students ON activities_join.student_id=students.student_id WHERE activities_id = '' 
22/11/2019 09:35:07||SELECT * FROM activities_join INNER JOIN students ON activities_join.student_id=students.student_id WHERE activities_id = '63111' 
22/11/2019 09:40:46||SELECT * FROM activities_join INNER JOIN students ON activities_join.student_id=students.student_id WHERE activities_id = '' 
22/11/2019 09:40:46||SELECT * FROM activities_join INNER JOIN students ON activities_join.student_id=students.student_id WHERE activities_id = '63112' 
22/11/2019 09:40:54||SELECT * FROM activities_join INNER JOIN students ON activities_join.student_id=students.student_id WHERE activities_id = '' 
22/11/2019 09:40:54||SELECT * FROM activities_join INNER JOIN students ON activities_join.student_id=students.student_id WHERE activities_id = 'null' 
22/11/2019 09:41:00||SELECT * FROM activities_join INNER JOIN students ON activities_join.student_id=students.student_id WHERE activities_id = '' 
22/11/2019 09:41:00||SELECT * FROM activities_join INNER JOIN students ON activities_join.student_id=students.student_id WHERE activities_id = '63112' 
22/11/2019 09:41:07||SELECT * FROM activities_join INNER JOIN students ON activities_join.student_id=students.student_id WHERE activities_id = '' 
22/11/2019 09:41:07||SELECT * FROM activities_join INNER JOIN students ON activities_join.student_id=students.student_id WHERE activities_id = '63112' 
22/11/2019 09:41:33||SELECT * FROM activities_join INNER JOIN students ON activities_join.student_id=students.student_id WHERE activities_id = '' 
22/11/2019 09:41:33||SELECT * FROM activities_join INNER JOIN students ON activities_join.student_id=students.student_id WHERE activities_id = '63112' 
22/11/2019 09:41:42||SELECT * FROM activities_join INNER JOIN students ON activities_join.student_id=students.student_id WHERE activities_id = '' 
22/11/2019 09:41:42||SELECT * FROM activities_join INNER JOIN students ON activities_join.student_id=students.student_id WHERE activities_id = '63112' 
22/11/2019 09:42:43||SELECT * FROM activities_join INNER JOIN students ON activities_join.student_id=students.student_id WHERE activities_id = '' 
22/11/2019 09:42:43||SELECT * FROM activities_join INNER JOIN students ON activities_join.student_id=students.student_id WHERE activities_id = '63112' 
22/11/2019 09:42:50||SELECT * FROM activities_join INNER JOIN students ON activities_join.student_id=students.student_id WHERE activities_id = '' 
22/11/2019 09:42:50||SELECT * FROM activities_join INNER JOIN students ON activities_join.student_id=students.student_id WHERE activities_id = '63112' 
22/11/2019 09:46:22||SELECT * FROM activities_join INNER JOIN students ON activities_join.student_id=students.student_id WHERE activities_id = '' 
22/11/2019 09:46:22||SELECT * FROM activities_join INNER JOIN students ON activities_join.student_id=students.student_id WHERE activities_id = '63112' 
22/11/2019 09:46:29||SELECT * FROM activities_join INNER JOIN students ON activities_join.student_id=students.student_id WHERE activities_id = '' 
22/11/2019 09:46:29||SELECT * FROM activities_join INNER JOIN students ON activities_join.student_id=students.student_id WHERE activities_id = '62111' 
22/11/2019 09:46:36||SELECT * FROM activities_join INNER JOIN students ON activities_join.student_id=students.student_id WHERE activities_id = '' 
22/11/2019 09:46:36||SELECT * FROM activities_join INNER JOIN students ON activities_join.student_id=students.student_id WHERE activities_id = '102' 
22/11/2019 09:46:41||SELECT * FROM activities_join INNER JOIN students ON activities_join.student_id=students.student_id WHERE activities_id = '' 
22/11/2019 09:46:41||SELECT * FROM activities_join INNER JOIN students ON activities_join.student_id=students.student_id WHERE activities_id = '63111' 
22/11/2019 09:48:41||SELECT * FROM activities_join INNER JOIN students ON activities_join.student_id=students.student_id WHERE activities_id = '' 
22/11/2019 09:48:41||SELECT * FROM activities_join INNER JOIN students ON activities_join.student_id=students.student_id WHERE activities_id = '63112' 
22/11/2019 09:49:33||SELECT * FROM activities_join INNER JOIN students ON activities_join.student_id=students.student_id WHERE activities_id = '' 
22/11/2019 09:49:33||SELECT * FROM activities_join INNER JOIN students ON activities_join.student_id=students.student_id WHERE activities_id = '63112' 
22/11/2019 09:50:15||SELECT * FROM activities_join INNER JOIN students ON activities_join.student_id=students.student_id WHERE activities_id = '' 
22/11/2019 09:50:15||SELECT * FROM activities_join INNER JOIN students ON activities_join.student_id=students.student_id WHERE activities_id = '63112' 
22/11/2019 09:50:26||SELECT * FROM activities_join INNER JOIN students ON activities_join.student_id=students.student_id WHERE activities_id = '' 
22/11/2019 09:50:26||SELECT * FROM activities_join INNER JOIN students ON activities_join.student_id=students.student_id WHERE activities_id = '63112' 
22/11/2019 09:50:56||SELECT * FROM activities_join INNER JOIN students ON activities_join.student_id=students.student_id WHERE activities_id = '' 
22/11/2019 09:50:56||SELECT * FROM activities_join INNER JOIN students ON activities_join.student_id=students.student_id WHERE activities_id = '63112' 
22/11/2019 09:51:14||SELECT * FROM activities_join INNER JOIN students ON activities_join.student_id=students.student_id WHERE activities_id = '' 
22/11/2019 09:51:14||SELECT * FROM activities_join INNER JOIN students ON activities_join.student_id=students.student_id WHERE activities_id = '63112' 
22/11/2019 09:51:24||SELECT * FROM activities_join INNER JOIN students ON activities_join.student_id=students.student_id WHERE activities_id = '' 
22/11/2019 09:51:25||SELECT * FROM activities_join INNER JOIN students ON activities_join.student_id=students.student_id WHERE activities_id = '63112' 
22/11/2019 09:52:02||SELECT * FROM activities_join INNER JOIN students ON activities_join.student_id=students.student_id WHERE activities_id = '' 
22/11/2019 09:52:02||SELECT * FROM activities_join INNER JOIN students ON activities_join.student_id=students.student_id WHERE activities_id = '63112' 
22/11/2019 09:53:15||SELECT * FROM activities_join INNER JOIN students ON activities_join.student_id=students.student_id WHERE activities_id = '' 
22/11/2019 09:53:15||SELECT * FROM activities_join INNER JOIN students ON activities_join.student_id=students.student_id WHERE activities_id = '63112' 
22/11/2019 09:53:29||SELECT * FROM activities_join INNER JOIN students ON activities_join.student_id=students.student_id WHERE activities_id = '' 
22/11/2019 09:53:29||SELECT * FROM activities_join INNER JOIN students ON activities_join.student_id=students.student_id WHERE activities_id = '63112' 
22/11/2019 09:54:40||SELECT * FROM activities_join INNER JOIN students ON activities_join.student_id=students.student_id WHERE activities_id = '' 
22/11/2019 09:54:40||SELECT * FROM activities_join INNER JOIN students ON activities_join.student_id=students.student_id WHERE activities_id = '63112' 
22/11/2019 09:56:11||SELECT * FROM activities_join INNER JOIN students ON activities_join.student_id=students.student_id WHERE activities_id = '' 
22/11/2019 09:56:11||SELECT * FROM activities_join INNER JOIN students ON activities_join.student_id=students.student_id WHERE activities_id = '63112' 
22/11/2019 09:59:14||SELECT * FROM activities_join INNER JOIN students ON activities_join.student_id=students.student_id WHERE activities_id = '' 
22/11/2019 09:59:14||SELECT * FROM activities_join INNER JOIN students ON activities_join.student_id=students.student_id WHERE activities_id = '63112' 
22/11/2019 09:59:27||SELECT * FROM activities_join INNER JOIN students ON activities_join.student_id=students.student_id WHERE activities_id = '' 
22/11/2019 09:59:28||SELECT * FROM activities_join INNER JOIN students ON activities_join.student_id=students.student_id WHERE activities_id = '63112' 
22/11/2019 09:59:49||SELECT * FROM activities_join INNER JOIN students ON activities_join.student_id=students.student_id WHERE activities_id = '' 
22/11/2019 09:59:49||SELECT * FROM activities_join INNER JOIN students ON activities_join.student_id=students.student_id WHERE activities_id = '63112' 
22/11/2019 09:59:57||SELECT * FROM activities_join INNER JOIN students ON activities_join.student_id=students.student_id WHERE activities_id = '' 
22/11/2019 09:59:58||SELECT * FROM activities_join INNER JOIN students ON activities_join.student_id=students.student_id WHERE activities_id = '63112' 
22/11/2019 10:00:11||SELECT * FROM activities_join INNER JOIN students ON activities_join.student_id=students.student_id WHERE activities_id = '' 
22/11/2019 10:00:11||SELECT * FROM activities_join INNER JOIN students ON activities_join.student_id=students.student_id WHERE activities_id = '63112' 
22/11/2019 10:00:24||SELECT * FROM activities_join INNER JOIN students ON activities_join.student_id=students.student_id WHERE activities_id = '' 
22/11/2019 10:00:24||SELECT * FROM activities_join INNER JOIN students ON activities_join.student_id=students.student_id WHERE activities_id = '63112' 
22/11/2019 10:00:35||SELECT * FROM activities_join INNER JOIN students ON activities_join.student_id=students.student_id WHERE activities_id = '' 
22/11/2019 10:00:35||SELECT * FROM activities_join INNER JOIN students ON activities_join.student_id=students.student_id WHERE activities_id = '63112' 
22/11/2019 10:00:55||SELECT * FROM activities_join INNER JOIN students ON activities_join.student_id=students.student_id WHERE activities_id = '' 
22/11/2019 10:00:56||SELECT * FROM activities_join INNER JOIN students ON activities_join.student_id=students.student_id WHERE activities_id = '63112' 
22/11/2019 10:01:05||SELECT * FROM activities_join INNER JOIN students ON activities_join.student_id=students.student_id WHERE activities_id = '' 
22/11/2019 10:01:06||SELECT * FROM activities_join INNER JOIN students ON activities_join.student_id=students.student_id WHERE activities_id = '63112' 
22/11/2019 10:01:19||SELECT * FROM activities_join INNER JOIN students ON activities_join.student_id=students.student_id WHERE activities_id = '' 
22/11/2019 10:01:19||SELECT * FROM activities_join INNER JOIN students ON activities_join.student_id=students.student_id WHERE activities_id = '63112' 
22/11/2019 10:01:33||SELECT * FROM activities_join INNER JOIN students ON activities_join.student_id=students.student_id WHERE activities_id = '' 
22/11/2019 10:01:36||SELECT * FROM activities_join INNER JOIN students ON activities_join.student_id=students.student_id WHERE activities_id = '63112' 
22/11/2019 10:02:13||SELECT * FROM activities_join INNER JOIN students ON activities_join.student_id=students.student_id WHERE activities_id = '' 
22/11/2019 10:02:14||SELECT * FROM activities_join INNER JOIN students ON activities_join.student_id=students.student_id WHERE activities_id = '63112' 
22/11/2019 10:02:56||SELECT * FROM activities_join INNER JOIN students ON activities_join.student_id=students.student_id WHERE activities_id = '' 
22/11/2019 10:02:56||SELECT * FROM activities_join INNER JOIN students ON activities_join.student_id=students.student_id WHERE activities_id = '63112' 
22/11/2019 10:03:20||SELECT * FROM activities_join INNER JOIN students ON activities_join.student_id=students.student_id WHERE activities_id = '' 
22/11/2019 10:03:21||SELECT * FROM activities_join INNER JOIN students ON activities_join.student_id=students.student_id WHERE activities_id = '63112' 
22/11/2019 10:03:39||SELECT * FROM activities_join INNER JOIN students ON activities_join.student_id=students.student_id WHERE activities_id = '' 
22/11/2019 10:03:39||SELECT * FROM activities_join INNER JOIN students ON activities_join.student_id=students.student_id WHERE activities_id = '63112' 
22/11/2019 10:07:24||SELECT * FROM activities_join INNER JOIN students ON activities_join.student_id=students.student_id WHERE activities_id = '' 
22/11/2019 10:07:24||SELECT * FROM activities_join INNER JOIN students ON activities_join.student_id=students.student_id WHERE activities_id = '63112' 
22/11/2019 10:11:55||SELECT * FROM activities_join INNER JOIN students ON activities_join.student_id=students.student_id WHERE activities_id = '' 
22/11/2019 10:11:55||SELECT * FROM activities_join INNER JOIN students ON activities_join.student_id=students.student_id WHERE activities_id = '63111' 
22/11/2019 10:12:08||SELECT * FROM activities_join INNER JOIN students ON activities_join.student_id=students.student_id WHERE activities_id = '' 
22/11/2019 10:12:09||SELECT * FROM activities_join INNER JOIN students ON activities_join.student_id=students.student_id WHERE activities_id = '63112' 
22/11/2019 10:12:15||SELECT * FROM activities_join INNER JOIN students ON activities_join.student_id=students.student_id WHERE activities_id = '' 
22/11/2019 10:12:15||SELECT * FROM activities_join INNER JOIN students ON activities_join.student_id=students.student_id WHERE activities_id = '63112' 
22/11/2019 14:32:48||SELECT * FROM activities_join INNER JOIN students ON activities_join.student_id=students.student_id WHERE activities_id = '' 
22/11/2019 14:32:48||SELECT * FROM activities_join INNER JOIN students ON activities_join.student_id=students.student_id WHERE activities_id = '63112' 
23/11/2019 13:17:13||SELECT * FROM activities_join INNER JOIN students ON activities_join.student_id=students.student_id WHERE activities_id = '' 
23/11/2019 13:17:13||SELECT * FROM activities_join INNER JOIN students ON activities_join.student_id=students.student_id WHERE activities_id = '63112' 
23/11/2019 13:17:18||SELECT * FROM activities_join INNER JOIN students ON activities_join.student_id=students.student_id WHERE activities_id = '63112' 
23/11/2019 13:18:38||SELECT * FROM activities_join INNER JOIN students ON activities_join.student_id=students.student_id WHERE activities_id = '' 
23/11/2019 13:18:38||SELECT * FROM activities_join INNER JOIN students ON activities_join.student_id=students.student_id WHERE activities_id = '63112' 
23/11/2019 13:18:52||SELECT * FROM activities_join INNER JOIN students ON activities_join.student_id=students.student_id WHERE activities_id = '' 
23/11/2019 13:18:52||SELECT * FROM activities_join INNER JOIN students ON activities_join.student_id=students.student_id WHERE activities_id = '63112' 
23/11/2019 13:19:26||SELECT * FROM activities_join INNER JOIN students ON activities_join.student_id=students.student_id WHERE activities_id = '' 
23/11/2019 13:19:26||SELECT * FROM activities_join INNER JOIN students ON activities_join.student_id=students.student_id WHERE activities_id = '63112' 
23/11/2019 13:19:52||SELECT * FROM activities_join INNER JOIN students ON activities_join.student_id=students.student_id WHERE activities_id = '' 
23/11/2019 13:19:52||SELECT * FROM activities_join INNER JOIN students ON activities_join.student_id=students.student_id WHERE activities_id = '63112' 
23/11/2019 13:20:01||SELECT * FROM activities_join INNER JOIN students ON activities_join.student_id=students.student_id WHERE activities_id = '' 
23/11/2019 13:20:01||SELECT * FROM activities_join INNER JOIN students ON activities_join.student_id=students.student_id WHERE activities_id = '63112' 
23/11/2019 13:20:44||SELECT * FROM activities_join INNER JOIN students ON activities_join.student_id=students.student_id WHERE activities_id = '' 
23/11/2019 13:20:44||SELECT * FROM activities_join INNER JOIN students ON activities_join.student_id=students.student_id WHERE activities_id = '63112' 
23/11/2019 13:20:56||SELECT * FROM activities_join INNER JOIN students ON activities_join.student_id=students.student_id WHERE activities_id = '' 
23/11/2019 13:20:56||SELECT * FROM activities_join INNER JOIN students ON activities_join.student_id=students.student_id WHERE activities_id = '63112' 
23/11/2019 13:21:26||SELECT * FROM activities_join INNER JOIN students ON activities_join.student_id=students.student_id WHERE activities_id = '' 
23/11/2019 13:21:26||SELECT * FROM activities_join INNER JOIN students ON activities_join.student_id=students.student_id WHERE activities_id = '63112' 
23/11/2019 13:21:42||SELECT * FROM activities_join INNER JOIN students ON activities_join.student_id=students.student_id WHERE activities_id = '' 
23/11/2019 13:21:43||SELECT * FROM activities_join INNER JOIN students ON activities_join.student_id=students.student_id WHERE activities_id = '63112' 
23/11/2019 13:21:59||SELECT * FROM activities_join INNER JOIN students ON activities_join.student_id=students.student_id WHERE activities_id = '' 
23/11/2019 13:21:59||SELECT * FROM activities_join INNER JOIN students ON activities_join.student_id=students.student_id WHERE activities_id = '63112' 
23/11/2019 13:22:10||SELECT * FROM activities_join INNER JOIN students ON activities_join.student_id=students.student_id WHERE activities_id = '' 
23/11/2019 13:22:10||SELECT * FROM activities_join INNER JOIN students ON activities_join.student_id=students.student_id WHERE activities_id = '63112' 
23/11/2019 13:23:13||SELECT * FROM activities_join INNER JOIN students ON activities_join.student_id=students.student_id WHERE activities_id = '' 
23/11/2019 13:23:13||SELECT * FROM activities_join INNER JOIN students ON activities_join.student_id=students.student_id WHERE activities_id = '63112' 
23/11/2019 13:24:35||SELECT * FROM activities_join INNER JOIN students ON activities_join.student_id=students.student_id WHERE activities_id = '' 
23/11/2019 13:24:35||SELECT * FROM activities_join INNER JOIN students ON activities_join.student_id=students.student_id WHERE activities_id = '63112' 
23/11/2019 13:24:43||SELECT * FROM activities_join INNER JOIN students ON activities_join.student_id=students.student_id WHERE activities_id = '' 
23/11/2019 13:24:44||SELECT * FROM activities_join INNER JOIN students ON activities_join.student_id=students.student_id WHERE activities_id = '63112' 
23/11/2019 13:27:53||SELECT * FROM activities_join INNER JOIN students ON activities_join.student_id=students.student_id WHERE activities_id = '' 
23/11/2019 13:27:53||SELECT * FROM activities_join INNER JOIN students ON activities_join.student_id=students.student_id WHERE activities_id = '63112' 
23/11/2019 13:28:06||SELECT * FROM activities_join INNER JOIN students ON activities_join.student_id=students.student_id WHERE activities_id = '' 
23/11/2019 13:28:06||SELECT * FROM activities_join INNER JOIN students ON activities_join.student_id=students.student_id WHERE activities_id = '63112' 
23/11/2019 13:28:27||SELECT * FROM activities_join INNER JOIN students ON activities_join.student_id=students.student_id WHERE activities_id = '' 
23/11/2019 13:28:27||SELECT * FROM activities_join INNER JOIN students ON activities_join.student_id=students.student_id WHERE activities_id = '63112' 
23/11/2019 13:29:31||SELECT * FROM activities_join INNER JOIN students ON activities_join.student_id=students.student_id WHERE activities_id = '' 
23/11/2019 13:29:31||SELECT * FROM activities_join INNER JOIN students ON activities_join.student_id=students.student_id WHERE activities_id = '63112' 
23/11/2019 13:30:31||SELECT * FROM activities_join INNER JOIN students ON activities_join.student_id=students.student_id WHERE activities_id = '' 
23/11/2019 13:30:31||SELECT * FROM activities_join INNER JOIN students ON activities_join.student_id=students.student_id WHERE activities_id = '63112' 
23/11/2019 13:32:20||SELECT * FROM activities_join INNER JOIN students ON activities_join.student_id=students.student_id WHERE activities_id = '' 
23/11/2019 13:32:20||SELECT * FROM activities_join INNER JOIN students ON activities_join.student_id=students.student_id WHERE activities_id = '63112' 
23/11/2019 13:32:28||SELECT * FROM activities_join INNER JOIN students ON activities_join.student_id=students.student_id WHERE activities_id = '' 
23/11/2019 13:32:28||SELECT * FROM activities_join INNER JOIN students ON activities_join.student_id=students.student_id WHERE activities_id = '63112' 
23/11/2019 13:33:22||SELECT * FROM activities_join INNER JOIN students ON activities_join.student_id=students.student_id WHERE activities_id = '' 
23/11/2019 13:33:22||SELECT * FROM activities_join INNER JOIN students ON activities_join.student_id=students.student_id WHERE activities_id = '63112' 
23/11/2019 13:33:27||SELECT * FROM activities_join INNER JOIN students ON activities_join.student_id=students.student_id WHERE activities_id = '63112' 
23/11/2019 13:36:30||SELECT * FROM activities_join INNER JOIN students ON activities_join.student_id=students.student_id WHERE activities_id = '' 
23/11/2019 13:36:30||SELECT * FROM activities_join INNER JOIN students ON activities_join.student_id=students.student_id WHERE activities_id = '63112' 
23/11/2019 13:38:17||SELECT * FROM activities_join INNER JOIN students ON activities_join.student_id=students.student_id WHERE activities_id = '' 
23/11/2019 13:38:17||SELECT * FROM activities_join INNER JOIN students ON activities_join.student_id=students.student_id WHERE activities_id = '63112' 
23/11/2019 13:38:26||SELECT * FROM activities_join INNER JOIN students ON activities_join.student_id=students.student_id WHERE activities_id = '' 
23/11/2019 13:38:27||SELECT * FROM activities_join INNER JOIN students ON activities_join.student_id=students.student_id WHERE activities_id = '63112' 
23/11/2019 13:39:24||SELECT * FROM activities_join INNER JOIN students ON activities_join.student_id=students.student_id WHERE activities_id = '' 
23/11/2019 13:39:24||SELECT * FROM activities_join INNER JOIN students ON activities_join.student_id=students.student_id WHERE activities_id = '63112' 
23/11/2019 13:39:48||SELECT * FROM activities_join INNER JOIN students ON activities_join.student_id=students.student_id WHERE activities_id = '' 
23/11/2019 13:39:48||SELECT * FROM activities_join INNER JOIN students ON activities_join.student_id=students.student_id WHERE activities_id = '63112' 
23/11/2019 13:41:41||SELECT * FROM activities_join INNER JOIN students ON activities_join.student_id=students.student_id WHERE activities_id = '' 
23/11/2019 13:41:41||SELECT * FROM activities_join INNER JOIN students ON activities_join.student_id=students.student_id WHERE activities_id = '63112' 
23/11/2019 13:42:23||SELECT * FROM activities_join INNER JOIN students ON activities_join.student_id=students.student_id WHERE activities_id = '' 
23/11/2019 13:42:23||SELECT * FROM activities_join INNER JOIN students ON activities_join.student_id=students.student_id WHERE activities_id = '63112' 
23/11/2019 13:42:42||SELECT * FROM activities_join INNER JOIN students ON activities_join.student_id=students.student_id WHERE activities_id = '' 
23/11/2019 13:42:46||SELECT * FROM activities_join INNER JOIN students ON activities_join.student_id=students.student_id WHERE activities_id = '' 
23/11/2019 13:42:46||SELECT * FROM activities_join INNER JOIN students ON activities_join.student_id=students.student_id WHERE activities_id = '63112' 
23/11/2019 13:43:06||SELECT * FROM activities_join INNER JOIN students ON activities_join.student_id=students.student_id WHERE activities_id = '' 
23/11/2019 13:43:06||SELECT * FROM activities_join INNER JOIN students ON activities_join.student_id=students.student_id WHERE activities_id = '63112' 
23/11/2019 13:44:12||SELECT * FROM activities_join INNER JOIN students ON activities_join.student_id=students.student_id WHERE activities_id = '' 
23/11/2019 13:44:13||SELECT * FROM activities_join INNER JOIN students ON activities_join.student_id=students.student_id WHERE activities_id = '63112' 
23/11/2019 15:23:08||SELECT * FROM activities_join INNER JOIN students ON activities_join.student_id=students.student_id WHERE activities_id = '' 
23/11/2019 15:23:09||SELECT * FROM activities_join INNER JOIN students ON activities_join.student_id=students.student_id WHERE activities_id = '63112' 
23/11/2019 15:24:38||SELECT * FROM activities_join INNER JOIN students ON activities_join.student_id=students.student_id WHERE activities_id = '' 
23/11/2019 15:24:38||SELECT * FROM activities_join INNER JOIN students ON activities_join.student_id=students.student_id WHERE activities_id = '63112' 
23/11/2019 16:03:13||SELECT * FROM activities_join INNER JOIN students ON activities_join.student_id=students.student_id WHERE activities_id = '' 
23/11/2019 16:03:13||SELECT * FROM activities_join INNER JOIN students ON activities_join.student_id=students.student_id WHERE activities_id = '63112' 
23/11/2019 16:12:55||SELECT * FROM activities_join INNER JOIN students ON activities_join.student_id=students.student_id WHERE activities_id = '' 
23/11/2019 16:12:55||SELECT * FROM activities_join INNER JOIN students ON activities_join.student_id=students.student_id WHERE activities_id = '63112' 
26/11/2019 17:14:51||SELECT * FROM activities_join INNER JOIN students ON activities_join.student_id=students.student_id WHERE activities_id = '' 
26/11/2019 17:14:51||SELECT * FROM activities_join INNER JOIN students ON activities_join.student_id=students.student_id WHERE activities_id = '63112' 
26/11/2019 17:14:55||SELECT * FROM activities_join INNER JOIN students ON activities_join.student_id=students.student_id WHERE activities_id = '63112' 
26/11/2019 17:41:50||SELECT * FROM activities_join INNER JOIN students ON activities_join.student_id=students.student_id WHERE activities_id = '' 
26/11/2019 17:41:50||SELECT * FROM activities_join INNER JOIN students ON activities_join.student_id=students.student_id WHERE activities_id = '63111' 
26/11/2019 18:16:58||SELECT * FROM activities_join INNER JOIN students ON activities_join.student_id=students.student_id WHERE activities_id = '' 
26/11/2019 18:16:58||SELECT * FROM activities_join INNER JOIN students ON activities_join.student_id=students.student_id WHERE activities_id = '63111' 
26/11/2019 18:28:33||SELECT * FROM activities_join INNER JOIN students ON activities_join.student_id=students.student_id WHERE activities_id = '' 
26/11/2019 18:28:33||SELECT * FROM activities_join INNER JOIN students ON activities_join.student_id=students.student_id WHERE activities_id = '63112' 
26/11/2019 18:28:38||SELECT * FROM activities_join INNER JOIN students ON activities_join.student_id=students.student_id WHERE activities_id = '' 
26/11/2019 18:28:38||SELECT * FROM activities_join INNER JOIN students ON activities_join.student_id=students.student_id WHERE activities_id = '63112' 
26/11/2019 18:30:08||SELECT * FROM activities_join INNER JOIN students ON activities_join.student_id=students.student_id WHERE activities_id = '' 
26/11/2019 18:30:08||SELECT * FROM activities_join INNER JOIN students ON activities_join.student_id=students.student_id WHERE activities_id = '63111' 
27/11/2019 04:48:19||SELECT * FROM activities_join INNER JOIN students ON activities_join.student_id=students.student_id WHERE activities_id = '' 
27/11/2019 04:48:19||SELECT * FROM activities_join INNER JOIN students ON activities_join.student_id=students.student_id WHERE activities_id = '63222' 
03/12/2019 17:19:19||SELECT * FROM activities_join INNER JOIN students ON activities_join.student_id=students.student_id WHERE activities_id = '' 
03/12/2019 17:19:20||SELECT * FROM activities_join INNER JOIN students ON activities_join.student_id=students.student_id WHERE activities_id = '63112' 
03/12/2019 17:19:44||SELECT * FROM activities_join INNER JOIN students ON activities_join.student_id=students.student_id WHERE activities_id = '' 
03/12/2019 17:19:44||SELECT * FROM activities_join INNER JOIN students ON activities_join.student_id=students.student_id WHERE activities_id = '62222' 
03/12/2019 17:21:59||SELECT * FROM activities_join INNER JOIN students ON activities_join.student_id=students.student_id WHERE activities_id = '' 
03/12/2019 17:21:59||SELECT * FROM activities_join INNER JOIN students ON activities_join.student_id=students.student_id WHERE activities_id = '63112' 
03/12/2019 17:22:07||SELECT * FROM activities_join INNER JOIN students ON activities_join.student_id=students.student_id WHERE activities_id = '' 
03/12/2019 17:22:07||SELECT * FROM activities_join INNER JOIN students ON activities_join.student_id=students.student_id WHERE activities_id = '63112' 
03/12/2019 17:43:13||SELECT * FROM activities_join INNER JOIN students ON activities_join.student_id=students.student_id WHERE activities_id = '' 
03/12/2019 17:43:13||SELECT * FROM activities_join INNER JOIN students ON activities_join.student_id=students.student_id WHERE activities_id = '61111' 
03/12/2019 17:43:24||SELECT * FROM activities_join INNER JOIN students ON activities_join.student_id=students.student_id WHERE activities_id = '' 
03/12/2019 17:43:24||SELECT * FROM activities_join INNER JOIN students ON activities_join.student_id=students.student_id WHERE activities_id = '62222' 
09/12/2019 15:06:00||SELECT * FROM activities_join INNER JOIN students ON activities_join.student_id=students.student_id WHERE activities_id = '' 
09/12/2019 15:06:00||SELECT * FROM activities_join INNER JOIN students ON activities_join.student_id=students.student_id WHERE activities_id = '6111111' 
09/12/2019 15:06:05||SELECT * FROM activities_join INNER JOIN students ON activities_join.student_id=students.student_id WHERE activities_id = '6111111' 
09/12/2019 15:06:09||SELECT * FROM activities_join INNER JOIN students ON activities_join.student_id=students.student_id WHERE activities_id = '' 
09/12/2019 15:06:09||SELECT * FROM activities_join INNER JOIN students ON activities_join.student_id=students.student_id WHERE activities_id = '6111111' 
09/12/2019 15:06:15||SELECT * FROM activities_join INNER JOIN students ON activities_join.student_id=students.student_id WHERE activities_id = '' 
09/12/2019 15:06:15||SELECT * FROM activities_join INNER JOIN students ON activities_join.student_id=students.student_id WHERE activities_id = '6111111' 
09/12/2019 15:12:15||SELECT * FROM activities_join INNER JOIN students ON activities_join.student_id=students.student_id WHERE activities_id = '' 
09/12/2019 15:12:15||SELECT * FROM activities_join INNER JOIN students ON activities_join.student_id=students.student_id WHERE activities_id = '6111111' 
09/12/2019 15:12:24||SELECT * FROM activities_join INNER JOIN students ON activities_join.student_id=students.student_id WHERE activities_id = '' 
09/12/2019 15:12:24||SELECT * FROM activities_join INNER JOIN students ON activities_join.student_id=students.student_id WHERE activities_id = '103' 
09/12/2019 17:34:07||SELECT * FROM activities_join INNER JOIN students ON activities_join.student_id=students.student_id WHERE activities_id = '' 
09/12/2019 17:34:07||SELECT * FROM activities_join INNER JOIN students ON activities_join.student_id=students.student_id WHERE activities_id = '6111112' 
10/12/2019 13:57:38||SELECT * FROM activities_join INNER JOIN students ON activities_join.student_id=students.student_id WHERE activities_id = '' 
10/12/2019 13:57:38||SELECT * FROM activities_join INNER JOIN students ON activities_join.student_id=students.student_id WHERE activities_id = '6111112' 
10/12/2019 13:57:50||SELECT * FROM activities_join INNER JOIN students ON activities_join.student_id=students.student_id WHERE activities_id = '' 
10/12/2019 13:57:50||SELECT * FROM activities_join INNER JOIN students ON activities_join.student_id=students.student_id WHERE activities_id = '6111112' 
10/12/2019 14:20:24||SELECT * FROM activities_join INNER JOIN students ON activities_join.student_id=students.student_id WHERE activities_id = '' 
10/12/2019 14:20:24||SELECT * FROM activities_join INNER JOIN students ON activities_join.student_id=students.student_id WHERE activities_id = '103' 
10/12/2019 14:20:29||SELECT * FROM activities_join INNER JOIN students ON activities_join.student_id=students.student_id WHERE activities_id = '6111112' 
10/12/2019 14:20:38||SELECT * FROM activities_join INNER JOIN students ON activities_join.student_id=students.student_id WHERE activities_id = '' 
10/12/2019 14:20:38||SELECT * FROM activities_join INNER JOIN students ON activities_join.student_id=students.student_id WHERE activities_id = '6111112' 
11/12/2019 14:17:18||SELECT * FROM activities_join INNER JOIN students ON activities_join.student_id=students.student_id WHERE activities_id = '' 
11/12/2019 14:17:18||SELECT * FROM activities_join INNER JOIN students ON activities_join.student_id=students.student_id WHERE activities_id = '6111112' 
11/12/2019 18:55:58||SELECT * FROM activities_join INNER JOIN students ON activities_join.student_id=students.student_id WHERE activities_id = '' 
11/12/2019 18:55:59||SELECT * FROM activities_join INNER JOIN students ON activities_join.student_id=students.student_id WHERE activities_id = '6111112' 
11/12/2019 18:56:06||SELECT * FROM activities_join INNER JOIN students ON activities_join.student_id=students.student_id WHERE activities_id = '' 
11/12/2019 18:56:06||SELECT * FROM activities_join INNER JOIN students ON activities_join.student_id=students.student_id WHERE activities_id = '6111112' 
11/12/2019 18:56:44||SELECT * FROM activities_join INNER JOIN students ON activities_join.student_id=students.student_id WHERE activities_id = '' 
11/12/2019 18:56:44||SELECT * FROM activities_join INNER JOIN students ON activities_join.student_id=students.student_id WHERE activities_id = '6111112' 
11/12/2019 18:57:13||SELECT * FROM activities_join INNER JOIN students ON activities_join.student_id=students.student_id WHERE activities_id = '' 
11/12/2019 18:57:13||SELECT * FROM activities_join INNER JOIN students ON activities_join.student_id=students.student_id WHERE activities_id = '6111112' 
11/12/2019 18:58:48||SELECT * FROM activities_join INNER JOIN students ON activities_join.student_id=students.student_id WHERE activities_id = '' 
11/12/2019 18:58:48||SELECT * FROM activities_join INNER JOIN students ON activities_join.student_id=students.student_id WHERE activities_id = '6111112' 
17/12/2019 08:59:41||SELECT * FROM activities_join INNER JOIN students ON activities_join.student_id=students.student_id WHERE activities_id = '' 
17/12/2019 08:59:41||SELECT * FROM activities_join INNER JOIN students ON activities_join.student_id=students.student_id WHERE activities_id = '6111112' 
22/01/2020 05:38:09||SELECT * FROM activities_join INNER JOIN students ON activities_join.student_id=students.student_id WHERE activities_id = '' 
22/01/2020 05:38:09||SELECT * FROM activities_join INNER JOIN students ON activities_join.student_id=students.student_id WHERE activities_id = '6111112' 
22/01/2020 05:38:32||SELECT * FROM activities_join INNER JOIN students ON activities_join.student_id=students.student_id WHERE activities_id = '' 
22/01/2020 05:38:32||SELECT * FROM activities_join INNER JOIN students ON activities_join.student_id=students.student_id WHERE activities_id = '6111112' 
24/01/2020 18:57:03||SELECT * FROM activities_join INNER JOIN students ON activities_join.student_id=students.student_id WHERE activities_id = '' 
24/01/2020 18:57:03||SELECT * FROM activities_join INNER JOIN students ON activities_join.student_id=students.student_id WHERE activities_id = '6111117' 
24/01/2020 19:01:09||SELECT * FROM activities_join INNER JOIN students ON activities_join.student_id=students.student_id WHERE activities_id = '' 
24/01/2020 19:01:09||SELECT * FROM activities_join INNER JOIN students ON activities_join.student_id=students.student_id WHERE activities_id = '6111117' 
24/01/2020 19:02:32||SELECT * FROM activities_join INNER JOIN students ON activities_join.student_id=students.student_id WHERE activities_id = '' 
24/01/2020 19:02:32||SELECT * FROM activities_join INNER JOIN students ON activities_join.student_id=students.student_id WHERE activities_id = '6111117' 
24/01/2020 19:07:26||SELECT * FROM activities_join INNER JOIN students ON activities_join.student_id=students.student_id WHERE activities_id = '' 
24/01/2020 19:07:26||SELECT * FROM activities_join INNER JOIN students ON activities_join.student_id=students.student_id WHERE activities_id = '6111117' 
24/01/2020 19:11:05||SELECT * FROM activities_join INNER JOIN students ON activities_join.student_id=students.student_id WHERE activities_id = '' 
24/01/2020 19:11:05||SELECT * FROM activities_join INNER JOIN students ON activities_join.student_id=students.student_id WHERE activities_id = '6111117' 
09/02/2020 18:32:43||SELECT * FROM activities_join INNER JOIN students ON activities_join.student_id=students.student_id WHERE activities_id = '' 
09/02/2020 18:32:43||SELECT * FROM activities_join INNER JOIN students ON activities_join.student_id=students.student_id WHERE activities_id = '6111117' 
09/02/2020 18:34:58||SELECT * FROM activities_join INNER JOIN students ON activities_join.student_id=students.student_id WHERE activities_id = '' 
09/02/2020 18:34:58||SELECT * FROM activities_join INNER JOIN students ON activities_join.student_id=students.student_id WHERE activities_id = '6111117' 
09/02/2020 18:41:57||SELECT * FROM activities_join INNER JOIN students ON activities_join.student_id=students.student_id WHERE activities_id = '' 
09/02/2020 18:41:57||SELECT * FROM activities_join INNER JOIN students ON activities_join.student_id=students.student_id WHERE activities_id = '6111117' 
09/02/2020 18:42:04||SELECT * FROM activities_join INNER JOIN students ON activities_join.student_id=students.student_id WHERE activities_id = '' 
09/02/2020 18:42:04||SELECT * FROM activities_join INNER JOIN students ON activities_join.student_id=students.student_id WHERE activities_id = '6111117' 
10/02/2020 17:42:12||SELECT * FROM activities_join INNER JOIN students ON activities_join.student_id=students.student_id WHERE activities_id = '' 
10/02/2020 17:42:12||SELECT * FROM activities_join INNER JOIN students ON activities_join.student_id=students.student_id WHERE activities_id = '6111118' 
10/02/2020 17:53:23||SELECT * FROM activities_join INNER JOIN students ON activities_join.student_id=students.student_id WHERE activities_id = '' 
10/02/2020 17:53:23||SELECT * FROM activities_join INNER JOIN students ON activities_join.student_id=students.student_id WHERE activities_id = '6111118' 
10/02/2020 20:01:07||SELECT * FROM activities_join INNER JOIN students ON activities_join.student_id=students.student_id WHERE activities_id = '' 
10/02/2020 20:01:07||SELECT * FROM activities_join INNER JOIN students ON activities_join.student_id=students.student_id WHERE activities_id = '6111118' 
11/02/2020 10:25:22||SELECT * FROM activities_join INNER JOIN students ON activities_join.student_id=students.student_id WHERE activities_id = '' 
11/02/2020 10:25:22||SELECT * FROM activities_join INNER JOIN students ON activities_join.student_id=students.student_id WHERE activities_id = '6111117' 
11/02/2020 18:48:58||SELECT * FROM activities_join INNER JOIN students ON activities_join.student_id=students.student_id WHERE activities_id = '' 
11/02/2020 18:48:58||SELECT * FROM activities_join INNER JOIN students ON activities_join.student_id=students.student_id WHERE activities_id = '75' 
12/02/2020 10:39:10||SELECT * FROM activities_join INNER JOIN students ON activities_join.student_id=students.student_id WHERE activities_id = '' 
12/02/2020 10:39:10||SELECT * FROM activities_join INNER JOIN students ON activities_join.student_id=students.student_id WHERE activities_id = '6111116' 
12/02/2020 10:39:14||SELECT * FROM activities_join INNER JOIN students ON activities_join.student_id=students.student_id WHERE activities_id = '6111117' 
12/02/2020 10:40:35||SELECT * FROM activities_join INNER JOIN students ON activities_join.student_id=students.student_id WHERE activities_id = '' 
12/02/2020 10:40:35||SELECT * FROM activities_join INNER JOIN students ON activities_join.student_id=students.student_id WHERE activities_id = '6111118' 
12/02/2020 10:41:01||SELECT * FROM activities_join INNER JOIN students ON activities_join.student_id=students.student_id WHERE activities_id = '' 
12/02/2020 10:41:01||SELECT * FROM activities_join INNER JOIN students ON activities_join.student_id=students.student_id WHERE activities_id = '6111117' 
12/02/2020 10:41:22||SELECT * FROM activities_join INNER JOIN students ON activities_join.student_id=students.student_id WHERE activities_id = '' 
12/02/2020 10:41:22||SELECT * FROM activities_join INNER JOIN students ON activities_join.student_id=students.student_id WHERE activities_id = '6111117' 
12/02/2020 10:41:49||SELECT * FROM activities_join INNER JOIN students ON activities_join.student_id=students.student_id WHERE activities_id = '' 
12/02/2020 10:41:50||SELECT * FROM activities_join INNER JOIN students ON activities_join.student_id=students.student_id WHERE activities_id = '6111117' 
12/02/2020 12:51:36||SELECT * FROM activities_join INNER JOIN students ON activities_join.student_id=students.student_id WHERE activities_id = '' 
12/02/2020 12:51:36||SELECT * FROM activities_join INNER JOIN students ON activities_join.student_id=students.student_id WHERE activities_id = '6111118' 
12/02/2020 12:51:40||SELECT * FROM activities_join INNER JOIN students ON activities_join.student_id=students.student_id WHERE activities_id = '6111117' 
12/02/2020 12:52:05||SELECT * FROM activities_join INNER JOIN students ON activities_join.student_id=students.student_id WHERE activities_id = '' 
12/02/2020 12:52:05||SELECT * FROM activities_join INNER JOIN students ON activities_join.student_id=students.student_id WHERE activities_id = '6111117' 
12/02/2020 14:08:08||SELECT * FROM activities_join INNER JOIN students ON activities_join.student_id=students.student_id WHERE activities_id = '' 
12/02/2020 14:08:08||SELECT * FROM activities_join INNER JOIN students ON activities_join.student_id=students.student_id WHERE activities_id = '6111118' 
16/02/2020 22:31:42||SELECT * FROM activities_join INNER JOIN students ON activities_join.student_id=students.student_id WHERE activities_id = '' 
16/02/2020 22:31:42||SELECT * FROM activities_join INNER JOIN students ON activities_join.student_id=students.student_id WHERE activities_id = '6111117' 
16/02/2020 22:35:12||SELECT * FROM activities_join INNER JOIN students ON activities_join.student_id=students.student_id WHERE activities_id = '' 
16/02/2020 22:35:12||SELECT * FROM activities_join INNER JOIN students ON activities_join.student_id=students.student_id WHERE activities_id = '6111117' 
16/02/2020 22:35:17||SELECT * FROM activities_join INNER JOIN students ON activities_join.student_id=students.student_id WHERE activities_id = '6111117' 
16/02/2020 22:35:28||SELECT * FROM activities_join INNER JOIN students ON activities_join.student_id=students.student_id WHERE activities_id = '' 
16/02/2020 22:35:28||SELECT * FROM activities_join INNER JOIN students ON activities_join.student_id=students.student_id WHERE activities_id = '6111117' 
17/02/2020 19:14:27||SELECT * FROM activities_join INNER JOIN students ON activities_join.student_id=students.student_id WHERE activities_id = '' 
17/02/2020 19:14:27||SELECT * FROM activities_join INNER JOIN students ON activities_join.student_id=students.student_id WHERE activities_id = '6111118' 
17/02/2020 19:14:32||SELECT * FROM activities_join INNER JOIN students ON activities_join.student_id=students.student_id WHERE activities_id = '' 
17/02/2020 19:14:32||SELECT * FROM activities_join INNER JOIN students ON activities_join.student_id=students.student_id WHERE activities_id = '6111117' 
17/02/2020 19:14:36||SELECT * FROM activities_join INNER JOIN students ON activities_join.student_id=students.student_id WHERE activities_id = '6111117' 
19/02/2020 16:05:01||SELECT * FROM activities_join INNER JOIN students ON activities_join.student_id=students.student_id WHERE activities_id = '' 
19/02/2020 16:05:01||SELECT * FROM activities_join INNER JOIN students ON activities_join.student_id=students.student_id WHERE activities_id = '6111118' 
20/02/2020 05:57:08||SELECT * FROM activities_join INNER JOIN students ON activities_join.student_id=students.student_id WHERE activities_id = '' 
20/02/2020 05:57:08||SELECT * FROM activities_join INNER JOIN students ON activities_join.student_id=students.student_id WHERE activities_id = '6111119' 
